module: loading 'python/3.7.4'
module: loading 'gcc/10.2'
module: gcc: "Note: loading the gcc module overrides the gcc version on the system.  If you want to revert to the version of gcc provided by the OS, unload the gcc module."
module: loading 'cuda/11.1.1'
module: cuda: To use: module load gcc/10.2
module: loading 'cudnn/8.2.0'
module: cudnn: To use: module load cuda/11.1.1 gcc/10.2
Global seed set to 1
Multiprocessing is handled by SLURM.
GPU available: True, used: True
TPU available: False, using: 0 TPU cores
IPU available: False, using: 0 IPUs
HPU available: False, using: 0 HPUs
/gpfs/data/epavlick/mlepori/miniconda3/envs/OscarSubnets/lib/python3.9/site-packages/pytorch_lightning/callbacks/model_checkpoint.py:608: UserWarning: Checkpoint directory /gpfs/scratch/mlepori/Compositional_Subnetworks/Models/resnet50/InCount_Models exists and is not empty.
  rank_zero_warn(f"Checkpoint directory {dirpath} exists and is not empty.")
LOCAL_RANK: 0 - CUDA_VISIBLE_DEVICES: [0]

  | Name     | Type   | Params
------------------------------------
0 | backbone | ResNet | 23.5 M
1 | mlp      | MLP    | 4.5 M 
------------------------------------
27.9 M    Trainable params
0         Non-trainable params
27.9 M    Total params
111.654   Total estimated model params size (MB)
SLURM auto-requeueing enabled. Setting signal handlers.
/gpfs/data/epavlick/mlepori/miniconda3/envs/OscarSubnets/lib/python3.9/site-packages/pytorch_lightning/trainer/connectors/data_connector.py:240: PossibleUserWarning: The dataloader, val_dataloader 0, does not have many workers which may be a bottleneck. Consider increasing the value of the `num_workers` argument` (try 32 which is the number of cpus on this machine) in the `DataLoader` init to improve performance.
  rank_zero_warn(
/gpfs/data/epavlick/mlepori/miniconda3/envs/OscarSubnets/lib/python3.9/site-packages/pytorch_lightning/trainer/connectors/data_connector.py:240: PossibleUserWarning: The dataloader, train_dataloader, does not have many workers which may be a bottleneck. Consider increasing the value of the `num_workers` argument` (try 32 which is the number of cpus on this machine) in the `DataLoader` init to improve performance.
  rank_zero_warn(
/users/mlepori/scratch/Compositional_Subnetworks/CVR/main.py:220: FutureWarning: The frame.append method is deprecated and will be removed from pandas in a future version. Use pandas.concat instead.
  df = df.append(output_dict, ignore_index=True)
Global seed set to 1
Global seed set to 1
LOCAL_RANK: 0 - CUDA_VISIBLE_DEVICES: [0]
/gpfs/data/epavlick/mlepori/miniconda3/envs/OscarSubnets/lib/python3.9/site-packages/pytorch_lightning/trainer/connectors/data_connector.py:240: PossibleUserWarning: The dataloader, test_dataloader 0, does not have many workers which may be a bottleneck. Consider increasing the value of the `num_workers` argument` (try 32 which is the number of cpus on this machine) in the `DataLoader` init to improve performance.
  rank_zero_warn(
/users/mlepori/scratch/Compositional_Subnetworks/CVR/main.py:300: FutureWarning: The frame.append method is deprecated and will be removed from pandas in a future version. Use pandas.concat instead.
  df = df.append(output_dict, ignore_index=True)
Global seed set to 1
LOCAL_RANK: 0 - CUDA_VISIBLE_DEVICES: [0]
/gpfs/data/epavlick/mlepori/miniconda3/envs/OscarSubnets/lib/python3.9/site-packages/pytorch_lightning/trainer/connectors/data_connector.py:240: PossibleUserWarning: The dataloader, test_dataloader 0, does not have many workers which may be a bottleneck. Consider increasing the value of the `num_workers` argument` (try 32 which is the number of cpus on this machine) in the `DataLoader` init to improve performance.
  rank_zero_warn(
/users/mlepori/scratch/Compositional_Subnetworks/CVR/main.py:300: FutureWarning: The frame.append method is deprecated and will be removed from pandas in a future version. Use pandas.concat instead.
  df = df.append(output_dict, ignore_index=True)
Global seed set to 1
LOCAL_RANK: 0 - CUDA_VISIBLE_DEVICES: [0]
/gpfs/data/epavlick/mlepori/miniconda3/envs/OscarSubnets/lib/python3.9/site-packages/pytorch_lightning/trainer/connectors/data_connector.py:240: PossibleUserWarning: The dataloader, test_dataloader 0, does not have many workers which may be a bottleneck. Consider increasing the value of the `num_workers` argument` (try 32 which is the number of cpus on this machine) in the `DataLoader` init to improve performance.
  rank_zero_warn(
/users/mlepori/scratch/Compositional_Subnetworks/CVR/main.py:300: FutureWarning: The frame.append method is deprecated and will be removed from pandas in a future version. Use pandas.concat instead.
  df = df.append(output_dict, ignore_index=True)
Global seed set to 1
LOCAL_RANK: 0 - CUDA_VISIBLE_DEVICES: [0]
/gpfs/data/epavlick/mlepori/miniconda3/envs/OscarSubnets/lib/python3.9/site-packages/pytorch_lightning/trainer/connectors/data_connector.py:240: PossibleUserWarning: The dataloader, test_dataloader 0, does not have many workers which may be a bottleneck. Consider increasing the value of the `num_workers` argument` (try 32 which is the number of cpus on this machine) in the `DataLoader` init to improve performance.
  rank_zero_warn(
/users/mlepori/scratch/Compositional_Subnetworks/CVR/main.py:300: FutureWarning: The frame.append method is deprecated and will be removed from pandas in a future version. Use pandas.concat instead.
  df = df.append(output_dict, ignore_index=True)
Global seed set to 1
LOCAL_RANK: 0 - CUDA_VISIBLE_DEVICES: [0]
/gpfs/data/epavlick/mlepori/miniconda3/envs/OscarSubnets/lib/python3.9/site-packages/pytorch_lightning/trainer/connectors/data_connector.py:240: PossibleUserWarning: The dataloader, test_dataloader 0, does not have many workers which may be a bottleneck. Consider increasing the value of the `num_workers` argument` (try 32 which is the number of cpus on this machine) in the `DataLoader` init to improve performance.
  rank_zero_warn(
/users/mlepori/scratch/Compositional_Subnetworks/CVR/main.py:300: FutureWarning: The frame.append method is deprecated and will be removed from pandas in a future version. Use pandas.concat instead.
  df = df.append(output_dict, ignore_index=True)
Global seed set to 1
LOCAL_RANK: 0 - CUDA_VISIBLE_DEVICES: [0]
/gpfs/data/epavlick/mlepori/miniconda3/envs/OscarSubnets/lib/python3.9/site-packages/pytorch_lightning/trainer/connectors/data_connector.py:240: PossibleUserWarning: The dataloader, test_dataloader 0, does not have many workers which may be a bottleneck. Consider increasing the value of the `num_workers` argument` (try 32 which is the number of cpus on this machine) in the `DataLoader` init to improve performance.
  rank_zero_warn(
/users/mlepori/scratch/Compositional_Subnetworks/CVR/main.py:300: FutureWarning: The frame.append method is deprecated and will be removed from pandas in a future version. Use pandas.concat instead.
  df = df.append(output_dict, ignore_index=True)
Global seed set to 2
Multiprocessing is handled by SLURM.
GPU available: True, used: True
TPU available: False, using: 0 TPU cores
IPU available: False, using: 0 IPUs
HPU available: False, using: 0 HPUs
/gpfs/data/epavlick/mlepori/miniconda3/envs/OscarSubnets/lib/python3.9/site-packages/pytorch_lightning/callbacks/model_checkpoint.py:608: UserWarning: Checkpoint directory /gpfs/scratch/mlepori/Compositional_Subnetworks/Models/resnet50/InCount_Models exists and is not empty.
  rank_zero_warn(f"Checkpoint directory {dirpath} exists and is not empty.")
LOCAL_RANK: 0 - CUDA_VISIBLE_DEVICES: [0]

  | Name     | Type   | Params
------------------------------------
0 | backbone | ResNet | 23.5 M
1 | mlp      | MLP    | 4.5 M 
------------------------------------
27.9 M    Trainable params
0         Non-trainable params
27.9 M    Total params
111.654   Total estimated model params size (MB)
SLURM auto-requeueing enabled. Setting signal handlers.
/gpfs/data/epavlick/mlepori/miniconda3/envs/OscarSubnets/lib/python3.9/site-packages/pytorch_lightning/trainer/connectors/data_connector.py:240: PossibleUserWarning: The dataloader, val_dataloader 0, does not have many workers which may be a bottleneck. Consider increasing the value of the `num_workers` argument` (try 32 which is the number of cpus on this machine) in the `DataLoader` init to improve performance.
  rank_zero_warn(
/gpfs/data/epavlick/mlepori/miniconda3/envs/OscarSubnets/lib/python3.9/site-packages/pytorch_lightning/trainer/connectors/data_connector.py:240: PossibleUserWarning: The dataloader, train_dataloader, does not have many workers which may be a bottleneck. Consider increasing the value of the `num_workers` argument` (try 32 which is the number of cpus on this machine) in the `DataLoader` init to improve performance.
  rank_zero_warn(
/users/mlepori/scratch/Compositional_Subnetworks/CVR/main.py:220: FutureWarning: The frame.append method is deprecated and will be removed from pandas in a future version. Use pandas.concat instead.
  df = df.append(output_dict, ignore_index=True)
Global seed set to 2
Global seed set to 2
LOCAL_RANK: 0 - CUDA_VISIBLE_DEVICES: [0]
/gpfs/data/epavlick/mlepori/miniconda3/envs/OscarSubnets/lib/python3.9/site-packages/pytorch_lightning/trainer/connectors/data_connector.py:240: PossibleUserWarning: The dataloader, test_dataloader 0, does not have many workers which may be a bottleneck. Consider increasing the value of the `num_workers` argument` (try 32 which is the number of cpus on this machine) in the `DataLoader` init to improve performance.
  rank_zero_warn(
/users/mlepori/scratch/Compositional_Subnetworks/CVR/main.py:300: FutureWarning: The frame.append method is deprecated and will be removed from pandas in a future version. Use pandas.concat instead.
  df = df.append(output_dict, ignore_index=True)
Global seed set to 2
LOCAL_RANK: 0 - CUDA_VISIBLE_DEVICES: [0]
/gpfs/data/epavlick/mlepori/miniconda3/envs/OscarSubnets/lib/python3.9/site-packages/pytorch_lightning/trainer/connectors/data_connector.py:240: PossibleUserWarning: The dataloader, test_dataloader 0, does not have many workers which may be a bottleneck. Consider increasing the value of the `num_workers` argument` (try 32 which is the number of cpus on this machine) in the `DataLoader` init to improve performance.
  rank_zero_warn(
/users/mlepori/scratch/Compositional_Subnetworks/CVR/main.py:300: FutureWarning: The frame.append method is deprecated and will be removed from pandas in a future version. Use pandas.concat instead.
  df = df.append(output_dict, ignore_index=True)
Global seed set to 2
LOCAL_RANK: 0 - CUDA_VISIBLE_DEVICES: [0]
/gpfs/data/epavlick/mlepori/miniconda3/envs/OscarSubnets/lib/python3.9/site-packages/pytorch_lightning/trainer/connectors/data_connector.py:240: PossibleUserWarning: The dataloader, test_dataloader 0, does not have many workers which may be a bottleneck. Consider increasing the value of the `num_workers` argument` (try 32 which is the number of cpus on this machine) in the `DataLoader` init to improve performance.
  rank_zero_warn(
/users/mlepori/scratch/Compositional_Subnetworks/CVR/main.py:300: FutureWarning: The frame.append method is deprecated and will be removed from pandas in a future version. Use pandas.concat instead.
  df = df.append(output_dict, ignore_index=True)
Global seed set to 2
LOCAL_RANK: 0 - CUDA_VISIBLE_DEVICES: [0]
/gpfs/data/epavlick/mlepori/miniconda3/envs/OscarSubnets/lib/python3.9/site-packages/pytorch_lightning/trainer/connectors/data_connector.py:240: PossibleUserWarning: The dataloader, test_dataloader 0, does not have many workers which may be a bottleneck. Consider increasing the value of the `num_workers` argument` (try 32 which is the number of cpus on this machine) in the `DataLoader` init to improve performance.
  rank_zero_warn(
/users/mlepori/scratch/Compositional_Subnetworks/CVR/main.py:300: FutureWarning: The frame.append method is deprecated and will be removed from pandas in a future version. Use pandas.concat instead.
  df = df.append(output_dict, ignore_index=True)
Global seed set to 2
LOCAL_RANK: 0 - CUDA_VISIBLE_DEVICES: [0]
/gpfs/data/epavlick/mlepori/miniconda3/envs/OscarSubnets/lib/python3.9/site-packages/pytorch_lightning/trainer/connectors/data_connector.py:240: PossibleUserWarning: The dataloader, test_dataloader 0, does not have many workers which may be a bottleneck. Consider increasing the value of the `num_workers` argument` (try 32 which is the number of cpus on this machine) in the `DataLoader` init to improve performance.
  rank_zero_warn(
/users/mlepori/scratch/Compositional_Subnetworks/CVR/main.py:300: FutureWarning: The frame.append method is deprecated and will be removed from pandas in a future version. Use pandas.concat instead.
  df = df.append(output_dict, ignore_index=True)
Global seed set to 2
LOCAL_RANK: 0 - CUDA_VISIBLE_DEVICES: [0]
/gpfs/data/epavlick/mlepori/miniconda3/envs/OscarSubnets/lib/python3.9/site-packages/pytorch_lightning/trainer/connectors/data_connector.py:240: PossibleUserWarning: The dataloader, test_dataloader 0, does not have many workers which may be a bottleneck. Consider increasing the value of the `num_workers` argument` (try 32 which is the number of cpus on this machine) in the `DataLoader` init to improve performance.
  rank_zero_warn(
/users/mlepori/scratch/Compositional_Subnetworks/CVR/main.py:300: FutureWarning: The frame.append method is deprecated and will be removed from pandas in a future version. Use pandas.concat instead.
  df = df.append(output_dict, ignore_index=True)
Global seed set to 3
Multiprocessing is handled by SLURM.
GPU available: True, used: True
TPU available: False, using: 0 TPU cores
IPU available: False, using: 0 IPUs
HPU available: False, using: 0 HPUs
/gpfs/data/epavlick/mlepori/miniconda3/envs/OscarSubnets/lib/python3.9/site-packages/pytorch_lightning/callbacks/model_checkpoint.py:608: UserWarning: Checkpoint directory /gpfs/scratch/mlepori/Compositional_Subnetworks/Models/resnet50/InCount_Models exists and is not empty.
  rank_zero_warn(f"Checkpoint directory {dirpath} exists and is not empty.")
LOCAL_RANK: 0 - CUDA_VISIBLE_DEVICES: [0]

  | Name     | Type   | Params
------------------------------------
0 | backbone | ResNet | 23.5 M
1 | mlp      | MLP    | 4.5 M 
------------------------------------
27.9 M    Trainable params
0         Non-trainable params
27.9 M    Total params
111.654   Total estimated model params size (MB)
SLURM auto-requeueing enabled. Setting signal handlers.
/gpfs/data/epavlick/mlepori/miniconda3/envs/OscarSubnets/lib/python3.9/site-packages/pytorch_lightning/trainer/connectors/data_connector.py:240: PossibleUserWarning: The dataloader, val_dataloader 0, does not have many workers which may be a bottleneck. Consider increasing the value of the `num_workers` argument` (try 32 which is the number of cpus on this machine) in the `DataLoader` init to improve performance.
  rank_zero_warn(
/gpfs/data/epavlick/mlepori/miniconda3/envs/OscarSubnets/lib/python3.9/site-packages/pytorch_lightning/trainer/connectors/data_connector.py:240: PossibleUserWarning: The dataloader, train_dataloader, does not have many workers which may be a bottleneck. Consider increasing the value of the `num_workers` argument` (try 32 which is the number of cpus on this machine) in the `DataLoader` init to improve performance.
  rank_zero_warn(
/users/mlepori/scratch/Compositional_Subnetworks/CVR/main.py:220: FutureWarning: The frame.append method is deprecated and will be removed from pandas in a future version. Use pandas.concat instead.
  df = df.append(output_dict, ignore_index=True)
Global seed set to 3
Global seed set to 3
LOCAL_RANK: 0 - CUDA_VISIBLE_DEVICES: [0]
/gpfs/data/epavlick/mlepori/miniconda3/envs/OscarSubnets/lib/python3.9/site-packages/pytorch_lightning/trainer/connectors/data_connector.py:240: PossibleUserWarning: The dataloader, test_dataloader 0, does not have many workers which may be a bottleneck. Consider increasing the value of the `num_workers` argument` (try 32 which is the number of cpus on this machine) in the `DataLoader` init to improve performance.
  rank_zero_warn(
/users/mlepori/scratch/Compositional_Subnetworks/CVR/main.py:300: FutureWarning: The frame.append method is deprecated and will be removed from pandas in a future version. Use pandas.concat instead.
  df = df.append(output_dict, ignore_index=True)
Global seed set to 3
LOCAL_RANK: 0 - CUDA_VISIBLE_DEVICES: [0]
/gpfs/data/epavlick/mlepori/miniconda3/envs/OscarSubnets/lib/python3.9/site-packages/pytorch_lightning/trainer/connectors/data_connector.py:240: PossibleUserWarning: The dataloader, test_dataloader 0, does not have many workers which may be a bottleneck. Consider increasing the value of the `num_workers` argument` (try 32 which is the number of cpus on this machine) in the `DataLoader` init to improve performance.
  rank_zero_warn(
/users/mlepori/scratch/Compositional_Subnetworks/CVR/main.py:300: FutureWarning: The frame.append method is deprecated and will be removed from pandas in a future version. Use pandas.concat instead.
  df = df.append(output_dict, ignore_index=True)
Global seed set to 3
LOCAL_RANK: 0 - CUDA_VISIBLE_DEVICES: [0]
/gpfs/data/epavlick/mlepori/miniconda3/envs/OscarSubnets/lib/python3.9/site-packages/pytorch_lightning/trainer/connectors/data_connector.py:240: PossibleUserWarning: The dataloader, test_dataloader 0, does not have many workers which may be a bottleneck. Consider increasing the value of the `num_workers` argument` (try 32 which is the number of cpus on this machine) in the `DataLoader` init to improve performance.
  rank_zero_warn(
/users/mlepori/scratch/Compositional_Subnetworks/CVR/main.py:300: FutureWarning: The frame.append method is deprecated and will be removed from pandas in a future version. Use pandas.concat instead.
  df = df.append(output_dict, ignore_index=True)
Global seed set to 3
LOCAL_RANK: 0 - CUDA_VISIBLE_DEVICES: [0]
/gpfs/data/epavlick/mlepori/miniconda3/envs/OscarSubnets/lib/python3.9/site-packages/pytorch_lightning/trainer/connectors/data_connector.py:240: PossibleUserWarning: The dataloader, test_dataloader 0, does not have many workers which may be a bottleneck. Consider increasing the value of the `num_workers` argument` (try 32 which is the number of cpus on this machine) in the `DataLoader` init to improve performance.
  rank_zero_warn(
/users/mlepori/scratch/Compositional_Subnetworks/CVR/main.py:300: FutureWarning: The frame.append method is deprecated and will be removed from pandas in a future version. Use pandas.concat instead.
  df = df.append(output_dict, ignore_index=True)
Global seed set to 3
LOCAL_RANK: 0 - CUDA_VISIBLE_DEVICES: [0]
/gpfs/data/epavlick/mlepori/miniconda3/envs/OscarSubnets/lib/python3.9/site-packages/pytorch_lightning/trainer/connectors/data_connector.py:240: PossibleUserWarning: The dataloader, test_dataloader 0, does not have many workers which may be a bottleneck. Consider increasing the value of the `num_workers` argument` (try 32 which is the number of cpus on this machine) in the `DataLoader` init to improve performance.
  rank_zero_warn(
/users/mlepori/scratch/Compositional_Subnetworks/CVR/main.py:300: FutureWarning: The frame.append method is deprecated and will be removed from pandas in a future version. Use pandas.concat instead.
  df = df.append(output_dict, ignore_index=True)
Global seed set to 3
LOCAL_RANK: 0 - CUDA_VISIBLE_DEVICES: [0]
/gpfs/data/epavlick/mlepori/miniconda3/envs/OscarSubnets/lib/python3.9/site-packages/pytorch_lightning/trainer/connectors/data_connector.py:240: PossibleUserWarning: The dataloader, test_dataloader 0, does not have many workers which may be a bottleneck. Consider increasing the value of the `num_workers` argument` (try 32 which is the number of cpus on this machine) in the `DataLoader` init to improve performance.
  rank_zero_warn(
/users/mlepori/scratch/Compositional_Subnetworks/CVR/main.py:300: FutureWarning: The frame.append method is deprecated and will be removed from pandas in a future version. Use pandas.concat instead.
  df = df.append(output_dict, ignore_index=True)
