## SLURM PROLOG ###############################################################
##    Job ID : 6454057
##  Job Name : CS-L0_0_All
##  Nodelist : gpu2115
##      CPUs : 1
##  Mem/Node : 32768 MB
## Directory : /gpfs/data/epavlick/mlepori/projects/Compositional_Subnetworks/CVR
##   Job Started : Thu Oct 27 18:54:11 EDT 2022
###############################################################################
module: loading 'python/3.7.4'
module: loading 'gcc/10.2'
module: gcc: "Note: loading the gcc module overrides the gcc version on the system.  If you want to revert to the version of gcc provided by the OS, unload the gcc module."
module: loading 'cuda/11.1.1'
module: cuda: To use: module load gcc/10.2
module: loading 'cudnn/8.2.0'
module: cudnn: To use: module load cuda/11.1.1 gcc/10.2
19139
Traceback (most recent call last):
  File "/gpfs/data/epavlick/mlepori/projects/Compositional_Subnetworks/CVR/run_test.py", line 109, in <module>
    cli_main()
  File "/gpfs/data/epavlick/mlepori/projects/Compositional_Subnetworks/CVR/run_test.py", line 32, in cli_main
    tasks = args.tasks
AttributeError: 'Namespace' object has no attribute 'tasks'
