## SLURM PROLOG ###############################################################
##    Job ID : 6454056
##  Job Name : CS-L0_0_4stage+mlp
##  Nodelist : gpu2104
##      CPUs : 1
##  Mem/Node : 32768 MB
## Directory : /gpfs/data/epavlick/mlepori/projects/Compositional_Subnetworks/CVR
##   Job Started : Thu Oct 27 18:54:00 EDT 2022
###############################################################################
module: loading 'python/3.7.4'
module: loading 'gcc/10.2'
module: gcc: "Note: loading the gcc module overrides the gcc version on the system.  If you want to revert to the version of gcc provided by the OS, unload the gcc module."
module: loading 'cuda/11.1.1'
module: cuda: To use: module load gcc/10.2
module: loading 'cudnn/8.2.0'
module: cudnn: To use: module load cuda/11.1.1 gcc/10.2
18785
Traceback (most recent call last):
  File "/gpfs/data/epavlick/mlepori/projects/Compositional_Subnetworks/CVR/run_test.py", line 109, in <module>
    cli_main()
  File "/gpfs/data/epavlick/mlepori/projects/Compositional_Subnetworks/CVR/run_test.py", line 29, in cli_main
    args = parse_args(parser, argv) # Here is where variables from the config file override command line args
  File "/gpfs/data/epavlick/mlepori/projects/Compositional_Subnetworks/CVR/utils.py", line 18, in parse_args
    config_vars = yaml.load(stream, Loader=yaml.FullLoader)
  File "/users/mlepori/.local/lib/python3.7/site-packages/yaml/__init__.py", line 81, in load
    return loader.get_single_data()
  File "/users/mlepori/.local/lib/python3.7/site-packages/yaml/constructor.py", line 49, in get_single_data
    node = self.get_single_node()
  File "/users/mlepori/.local/lib/python3.7/site-packages/yaml/composer.py", line 36, in get_single_node
    document = self.compose_document()
  File "/users/mlepori/.local/lib/python3.7/site-packages/yaml/composer.py", line 55, in compose_document
    node = self.compose_node(None, None)
  File "/users/mlepori/.local/lib/python3.7/site-packages/yaml/composer.py", line 84, in compose_node
    node = self.compose_mapping_node(anchor)
  File "/users/mlepori/.local/lib/python3.7/site-packages/yaml/composer.py", line 127, in compose_mapping_node
    while not self.check_event(MappingEndEvent):
  File "/users/mlepori/.local/lib/python3.7/site-packages/yaml/parser.py", line 98, in check_event
    self.current_event = self.state()
  File "/users/mlepori/.local/lib/python3.7/site-packages/yaml/parser.py", line 439, in parse_block_mapping_key
    "expected <block end>, but found %r" % token.id, token.start_mark)
yaml.parser.ParserError: while parsing a block mapping
  in "/gpfs/data/epavlick/mlepori/projects/Compositional_Subnetworks/CVR/configs/CompositionalSubnetworks/RN50_Param_Search/Inside_Subnetwork/Test/L0_0_4stage+mlp.yaml", line 1, column 1
expected <block end>, but found ','
  in "/gpfs/data/epavlick/mlepori/projects/Compositional_Subnetworks/CVR/configs/CompositionalSubnetworks/RN50_Param_Search/Inside_Subnetwork/Test/L0_0_4stage+mlp.yaml", line 36, column 23
