## SLURM PROLOG ###############################################################
##    Job ID : 7361302
##  Job Name : simclr.script
##  Nodelist : gpu2004
##      CPUs : 1
##  Mem/Node : 40960 MB
## Directory : /gpfs/data/epavlick/mlepori/projects/Compositional_Subnetworks/Vision/CVR
##   Job Started : Mon Jan  9 23:26:29 EST 2023
###############################################################################
module: unloading 'python/3.7.4'
module: loading 'python/3.7.4'
module: unloading 'gcc/10.2'
module: loading 'gcc/10.2'
module: gcc: "Note: loading the gcc module overrides the gcc version on the system.  If you want to revert to the version of gcc provided by the OS, unload the gcc module."
module: unloading 'cuda/11.1.1'
module: loading 'cuda/11.1.1'
module: cuda: To use: module load gcc/10.2
module: unloading 'cudnn/8.2.0'
module: loading 'cudnn/8.2.0'
module: cudnn: To use: module load cuda/11.1.1 gcc/10.2
Traceback (most recent call last):
  File "/gpfs/data/epavlick/mlepori/projects/Compositional_Subnetworks/Vision/CVR/SimCLR.py", line 6, in <module>
    parser = argparse.ArgumentParser()
NameError: name 'argparse' is not defined
